  Bala.cpp
  Derrota.cpp
  Enemigo.cpp
  Jugador1.cpp
  Jugador2.cpp
  JugadorMain.cpp
  main.cpp
  MainMenu.cpp
  MainMenuExtras.cpp
  Menu.cpp
  MenuControles.cpp
  MenuCreditos.cpp
  MenuFactory.cpp
  MenuJugar.cpp
  Multijugador.cpp
C:\Users\StickyPC\Documents\Github\EPCC_CCII_Proyecto\InvasionCovid\Multijugador.cpp(4,31): warning C4244: 'argumento': conversión de '_Rep' a 'unsigned int'; posible pérdida de datos
          with
          [
              _Rep=std::chrono::system_clock::rep
          ]
C:\Users\StickyPC\Documents\Github\EPCC_CCII_Proyecto\InvasionCovid\Multijugador.cpp(266,52): warning C4244: 'argumento': conversión de 'int' a 'float'; posible pérdida de datos
  UnJugador.cpp
C:\Users\StickyPC\Documents\Github\EPCC_CCII_Proyecto\InvasionCovid\UnJugador.cpp(4,32): warning C4244: 'argumento': conversión de '_Rep' a 'unsigned int'; posible pérdida de datos
          with
          [
              _Rep=std::chrono::system_clock::rep
          ]
C:\Users\StickyPC\Documents\Github\EPCC_CCII_Proyecto\InvasionCovid\UnJugador.cpp(245,57): warning C4244: 'argumento': conversión de 'int' a 'float'; posible pérdida de datos
  Victoria.cpp
  Vida.cpp
  Generando código...
  InvasionCovid.vcxproj -> C:\Users\StickyPC\Documents\Github\EPCC_CCII_Proyecto\InvasionCovid\x64\Debug\InvasionCovid.exe
